  BattleScreen.cpp
E:\Users\Owner\Documents\GitHub\SDLProject\SDLProject\BattleScreen.cpp(119,36): warning C4244: 'argument': conversion from 'int' to 'float', possible loss of data
E:\Users\Owner\Documents\GitHub\SDLProject\SDLProject\BattleScreen.cpp(119,33): warning C4244: 'argument': conversion from 'int' to 'float', possible loss of data
E:\Users\Owner\Documents\GitHub\SDLProject\SDLProject\BattleScreen.cpp(166,34): warning C4244: 'argument': conversion from 'float' to 'int', possible loss of data
E:\Users\Owner\Documents\GitHub\SDLProject\SDLProject\BattleScreen.cpp(166,27): warning C4244: 'argument': conversion from 'float' to 'int', possible loss of data
E:\Users\Owner\Documents\GitHub\SDLProject\SDLProject\BattleScreen.cpp(252,67): warning C4244: 'argument': conversion from 'int' to 'float', possible loss of data
E:\Users\Owner\Documents\GitHub\SDLProject\SDLProject\BattleScreen.cpp(252,40): warning C4244: 'argument': conversion from 'int' to 'float', possible loss of data
E:\Users\Owner\Documents\GitHub\SDLProject\SDLProject\BattleScreen.cpp(254,68): warning C4244: 'argument': conversion from 'int' to 'float', possible loss of data
E:\Users\Owner\Documents\GitHub\SDLProject\SDLProject\BattleScreen.cpp(254,41): warning C4244: 'argument': conversion from 'int' to 'float', possible loss of data
E:\Users\Owner\Documents\GitHub\SDLProject\SDLProject\BattleScreen.cpp(260,67): warning C4244: 'argument': conversion from 'int' to 'float', possible loss of data
E:\Users\Owner\Documents\GitHub\SDLProject\SDLProject\BattleScreen.cpp(260,40): warning C4244: 'argument': conversion from 'int' to 'float', possible loss of data
E:\Users\Owner\Documents\GitHub\SDLProject\SDLProject\BattleScreen.cpp(262,68): warning C4244: 'argument': conversion from 'int' to 'float', possible loss of data
E:\Users\Owner\Documents\GitHub\SDLProject\SDLProject\BattleScreen.cpp(262,41): warning C4244: 'argument': conversion from 'int' to 'float', possible loss of data
E:\Users\Owner\Documents\GitHub\SDLProject\SDLProject\BattleScreen.cpp(268,67): warning C4244: 'argument': conversion from 'int' to 'float', possible loss of data
E:\Users\Owner\Documents\GitHub\SDLProject\SDLProject\BattleScreen.cpp(268,40): warning C4244: 'argument': conversion from 'int' to 'float', possible loss of data
E:\Users\Owner\Documents\GitHub\SDLProject\SDLProject\BattleScreen.cpp(361,48): warning C4244: 'argument': conversion from 'int' to 'float', possible loss of data
E:\Users\Owner\Documents\GitHub\SDLProject\SDLProject\BattleScreen.cpp(410,46): warning C4244: '=': conversion from 'float' to 'int', possible loss of data
E:\Users\Owner\Documents\GitHub\SDLProject\SDLProject\BattleScreen.cpp(411,46): warning C4244: '=': conversion from 'float' to 'int', possible loss of data
E:\Users\Owner\Documents\GitHub\SDLProject\SDLProject\BattleScreen.cpp(413,48): warning C4244: '=': conversion from 'float' to 'int', possible loss of data
E:\Users\Owner\Documents\GitHub\SDLProject\SDLProject\BattleScreen.cpp(414,48): warning C4244: '=': conversion from 'float' to 'int', possible loss of data
E:\Users\Owner\Documents\GitHub\SDLProject\SDLProject\BattleScreen.cpp(479,37): warning C4244: 'initializing': conversion from 'float' to 'int', possible loss of data
E:\Users\Owner\Documents\GitHub\SDLProject\SDLProject\BattleScreen.cpp(485,29): warning C4018: '<': signed/unsigned mismatch
E:\Users\Owner\Documents\GitHub\SDLProject\SDLProject\BattleScreen.cpp(505,21): warning C4244: 'initializing': conversion from 'float' to 'int', possible loss of data
E:\Users\Owner\Documents\GitHub\SDLProject\SDLProject\BattleScreen.cpp(510,85): warning C4244: 'argument': conversion from 'int' to 'float', possible loss of data
E:\Users\Owner\Documents\GitHub\SDLProject\SDLProject\BattleScreen.cpp(516,49): warning C4244: '=': conversion from 'float' to 'int', possible loss of data
E:\Users\Owner\Documents\GitHub\SDLProject\SDLProject\BattleScreen.cpp(521,26): warning C4244: 'initializing': conversion from 'float' to 'int', possible loss of data
E:\Users\Owner\Documents\GitHub\SDLProject\SDLProject\BattleScreen.cpp(526,57): warning C4244: '=': conversion from 'float' to 'int', possible loss of data
E:\Users\Owner\Documents\GitHub\SDLProject\SDLProject\BattleScreen.cpp(532,46): warning C4244: '=': conversion from 'float' to 'int', possible loss of data
E:\Users\Owner\Documents\GitHub\SDLProject\SDLProject\BattleScreen.cpp(537,85): warning C4244: 'argument': conversion from 'int' to 'float', possible loss of data
E:\Users\Owner\Documents\GitHub\SDLProject\SDLProject\BattleScreen.cpp(543,49): warning C4244: '=': conversion from 'float' to 'int', possible loss of data
E:\Users\Owner\Documents\GitHub\SDLProject\SDLProject\BattleScreen.cpp(548,26): warning C4244: 'initializing': conversion from 'float' to 'int', possible loss of data
E:\Users\Owner\Documents\GitHub\SDLProject\SDLProject\BattleScreen.cpp(553,57): warning C4244: '=': conversion from 'float' to 'int', possible loss of data
E:\Users\Owner\Documents\GitHub\SDLProject\SDLProject\BattleScreen.cpp(570,38): warning C4244: 'initializing': conversion from 'float' to 'int', possible loss of data
E:\Users\Owner\Documents\GitHub\SDLProject\SDLProject\BattleScreen.cpp(576,30): warning C4018: '<': signed/unsigned mismatch
E:\Users\Owner\Documents\GitHub\SDLProject\SDLProject\BattleScreen.cpp(624,125): warning C4244: 'argument': conversion from 'int' to 'float', possible loss of data
E:\Users\Owner\Documents\GitHub\SDLProject\SDLProject\BattleScreen.cpp(624,80): warning C4244: 'argument': conversion from 'int' to 'float', possible loss of data
E:\Users\Owner\Documents\GitHub\SDLProject\SDLProject\BattleScreen.cpp(662,28): warning C4244: '=': conversion from 'double' to 'int', possible loss of data
E:\Users\Owner\Documents\GitHub\SDLProject\SDLProject\BattleScreen.cpp(667,85): warning C4244: 'argument': conversion from 'float' to 'int', possible loss of data
E:\Users\Owner\Documents\GitHub\SDLProject\SDLProject\BattleScreen.cpp(667,55): warning C4244: 'argument': conversion from 'float' to 'int', possible loss of data
E:\Users\Owner\Documents\GitHub\SDLProject\SDLProject\BattleScreen.cpp(713,20): warning C4244: 'initializing': conversion from 'double' to 'int', possible loss of data
E:\Users\Owner\Documents\GitHub\SDLProject\SDLProject\BattleScreen.cpp(714,10): warning C4834: discarding return value of function with 'nodiscard' attribute
E:\Users\Owner\Documents\GitHub\SDLProject\SDLProject\BattleScreen.cpp(768,48): warning C4244: 'argument': conversion from 'int' to 'float', possible loss of data
E:\Users\Owner\Documents\GitHub\SDLProject\SDLProject\BattleScreen.cpp(782,48): warning C4244: 'argument': conversion from 'int' to 'float', possible loss of data
E:\Users\Owner\Documents\GitHub\SDLProject\SDLProject\BattleScreen.cpp(846,44): warning C4244: '=': conversion from 'float' to 'int', possible loss of data
E:\Users\Owner\Documents\GitHub\SDLProject\SDLProject\BattleScreen.cpp(847,44): warning C4244: '=': conversion from 'float' to 'int', possible loss of data
E:\Users\Owner\Documents\GitHub\SDLProject\SDLProject\BattleScreen.cpp(924,76): warning C4244: 'argument': conversion from 'int' to 'float', possible loss of data
E:\Users\Owner\Documents\GitHub\SDLProject\SDLProject\BattleScreen.cpp(924,40): warning C4244: 'argument': conversion from 'int' to 'float', possible loss of data
E:\Users\Owner\Documents\GitHub\SDLProject\SDLProject\BattleScreen.cpp(1031,35): warning C4244: 'argument': conversion from 'int' to 'float', possible loss of data
E:\Users\Owner\Documents\GitHub\SDLProject\SDLProject\BattleScreen.cpp(1031,32): warning C4244: 'argument': conversion from 'int' to 'float', possible loss of data
E:\Users\Owner\Documents\GitHub\SDLProject\SDLProject\BattleScreen.cpp(1064,14): warning C4244: 'initializing': conversion from 'float' to 'int', possible loss of data
E:\Users\Owner\Documents\GitHub\SDLProject\SDLProject\BattleScreen.cpp(1070,21): warning C4244: '=': conversion from 'float' to 'int', possible loss of data
E:\Users\Owner\Documents\GitHub\SDLProject\SDLProject\BattleScreen.cpp(1109,14): warning C4244: 'initializing': conversion from 'float' to 'int', possible loss of data
E:\Users\Owner\Documents\GitHub\SDLProject\SDLProject\BattleScreen.cpp(1115,21): warning C4244: '=': conversion from 'float' to 'int', possible loss of data
  SDLProject.vcxproj -> E:\Users\Owner\Documents\GitHub\SDLProject\Debug\SDLProject.exe
